quando                    | quem    | balcao | o_que                     | canal_criado/usado 
Thu May 28 22:23:14 2015  | Balcao  | 1      | cria_linh_mempart         | tmp/fb3633        
Thu May 28 22:23:14 2015  | Balcao  | 1      | inicia_mempart            | -                 
Thu May 28 22:23:14 2015  | Balcao  | 2      | cria_linh_mempart         | tmp/fb3632        
Thu May 28 22:23:14 2015  | Balcao  | 3      | cria_linh_mempart         | tmp/fb3631        
Thu May 28 22:23:18 2015  | Cliente | 3      | pede_atendimento          | tmp/fc3644        
Thu May 28 22:23:18 2015  | Cliente | 4      | pede_atendimento          | tmp/fc3645        
Thu May 28 22:23:18 2015  | Cliente | 5      | pede_atendimento          | tmp/fc3646        
Thu May 28 22:23:18 2015  | Cliente | 6      | pede_atendimento          | tmp/fc3647        
Thu May 28 22:23:18 2015  | Cliente | 7      | pede_atendimento          | tmp/fc3648        
Thu May 28 22:23:18 2015  | Cliente | 2      | pede_atendimento          | tmp/fc3643        
Thu May 28 22:23:18 2015  | Cliente | 8      | pede_atendimento          | tmp/fc3649        
Thu May 28 22:23:18 2015  | Cliente | 9      | pede_atendimento          | tmp/fc3650        
Thu May 28 22:23:18 2015  | Cliente | 1      | pede_atendimento          | tmp/fc3642        
Thu May 28 22:23:18 2015  | Cliente | 10     | pede_atendimento          | tmp/fc3655        
Thu May 28 22:23:18 2015  | Cliente | 11     | pede_atendimento          | tmp/fc3656        
Thu May 28 22:23:18 2015  | Cliente | 18     | pede_atendimento          | tmp/fc3663        
Thu May 28 22:23:18 2015  | Cliente | 16     | pede_atendimento          | tmp/fc3661        
Thu May 28 22:23:18 2015  | Cliente | 20     | pede_atendimento          | tmp/fc3665        
Thu May 28 22:23:18 2015  | Cliente | 19     | pede_atendimento          | tmp/fc3664        
Thu May 28 22:23:18 2015  | Cliente | 13     | pede_atendimento          | tmp/fc3658        
Thu May 28 22:23:18 2015  | Cliente | 14     | pede_atendimento          | tmp/fc3659        
Thu May 28 22:23:18 2015  | Cliente | 12     | pede_atendimento          | tmp/fc3657        
Thu May 28 22:23:18 2015  | Cliente | 17     | pede_atendimento          | tmp/fc3662        
Thu May 28 22:23:18 2015  | Cliente | 21     | pede_atendimento          | tmp/fc3666        
Thu May 28 22:23:18 2015  | Cliente | 15     | pede_atendimento          | tmp/fc3660        
Thu May 28 22:23:18 2015  | Cliente | 22     | pede_atendimento          | tmp/fc3667        
Thu May 28 22:23:18 2015  | Cliente | 23     | pede_atendimento          | tmp/fc3668        
Thu May 28 22:23:18 2015  | Cliente | 24     | pede_atendimento          | tmp/fc3669        
Thu May 28 22:23:18 2015  | Cliente | 25     | pede_atendimento          | tmp/fc3670        
Thu May 28 22:23:18 2015  | Cliente | 26     | pede_atendimento          | tmp/fc3671        
Thu May 28 22:23:18 2015  | Cliente | 27     | pede_atendimento          | tmp/fc3672        
Thu May 28 22:23:18 2015  | Cliente | 28     | pede_atendimento          | tmp/fc3673        
Thu May 28 22:23:18 2015  | Cliente | 29     | pede_atendimento          | tmp/fc3674        
Thu May 28 22:23:18 2015  | Cliente | 30     | pede_atendimento          | tmp/fc3675        
Thu May 28 22:23:18 2015  | Cliente | 31     | pede_atendimento          | tmp/fc3676        
Thu May 28 22:23:18 2015  | Cliente | 32     | pede_atendimento          | tmp/fc3677        
Thu May 28 22:23:18 2015  | Cliente | 33     | pede_atendimento          | tmp/fc3678        
Thu May 28 22:23:18 2015  | Cliente | 41     | pede_atendimento          | tmp/fc3715        
Thu May 28 22:23:18 2015  | Cliente | 38     | pede_atendimento          | tmp/fc3712        
Thu May 28 22:23:18 2015  | Cliente | 39     | pede_atendimento          | tmp/fc3713        
Thu May 28 22:23:18 2015  | Cliente | 44     | pede_atendimento          | tmp/fc3718        
Thu May 28 22:23:18 2015  | Cliente | 42     | pede_atendimento          | tmp/fc3716        
Thu May 28 22:23:18 2015  | Cliente | 43     | pede_atendimento          | tmp/fc3717        
Thu May 28 22:23:18 2015  | Cliente | 40     | pede_atendimento          | tmp/fc3714        
Thu May 28 22:23:18 2015  | Cliente | 45     | pede_atendimento          | tmp/fc3719        
Thu May 28 22:23:18 2015  | Cliente | 37     | pede_atendimento          | tmp/fc3711        
Thu May 28 22:23:18 2015  | Cliente | 46     | pede_atendimento          | tmp/fc3720        
Thu May 28 22:23:18 2015  | Cliente | 36     | pede_atendimento          | tmp/fc3710        
Thu May 28 22:23:18 2015  | Cliente | 47     | pede_atendimento          | tmp/fc3721        
Thu May 28 22:23:18 2015  | Cliente | 35     | pede_atendimento          | tmp/fc3709        
Thu May 28 22:23:18 2015  | Cliente | 49     | pede_atendimento          | tmp/fc3723        
Thu May 28 22:23:18 2015  | Cliente | 48     | pede_atendimento          | tmp/fc3722        
Thu May 28 22:23:18 2015  | Cliente | 50     | pede_atendimento          | tmp/fc3724        
Thu May 28 22:23:18 2015  | Cliente | 34     | pede_atendimento          | tmp/fc3708        
Thu May 28 22:23:19 2015  | Cliente | 3      | fim_atendimento           | tmp/fc3644        
Thu May 28 22:23:19 2015  | Cliente | 7      | fim_atendimento           | tmp/fc3648        
Thu May 28 22:23:19 2015  | Cliente | 8      | fim_atendimento           | tmp/fc3649        
Thu May 28 22:23:20 2015  | Cliente | 4      | fim_atendimento           | tmp/fc3645        
Thu May 28 22:23:20 2015  | Cliente | 2      | fim_atendimento           | tmp/fc3643        
Thu May 28 22:23:20 2015  | Cliente | 9      | fim_atendimento           | tmp/fc3650        
Thu May 28 22:23:21 2015  | Cliente | 5      | fim_atendimento           | tmp/fc3646        
Thu May 28 22:23:21 2015  | Cliente | 1      | fim_atendimento           | tmp/fc3642        
Thu May 28 22:23:21 2015  | Cliente | 10     | fim_atendimento           | tmp/fc3655        
Thu May 28 22:23:22 2015  | Cliente | 6      | fim_atendimento           | tmp/fc3647        
Thu May 28 22:23:22 2015  | Cliente | 11     | fim_atendimento           | tmp/fc3656        
Thu May 28 22:23:22 2015  | Cliente | 21     | fim_atendimento           | tmp/fc3666        
Thu May 28 22:23:23 2015  | Cliente | 18     | fim_atendimento           | tmp/fc3663        
Thu May 28 22:23:23 2015  | Cliente | 15     | fim_atendimento           | tmp/fc3660        
Thu May 28 22:23:23 2015  | Cliente | 23     | fim_atendimento           | tmp/fc3668        
Thu May 28 22:23:24 2015  | Cliente | 16     | fim_atendimento           | tmp/fc3661        
Thu May 28 22:23:24 2015  | Cliente | 22     | fim_atendimento           | tmp/fc3667        
Thu May 28 22:23:24 2015  | Cliente | 24     | fim_atendimento           | tmp/fc3669        
Thu May 28 22:23:25 2015  | Cliente | 20     | fim_atendimento           | tmp/fc3665        
Thu May 28 22:23:25 2015  | Cliente | 25     | fim_atendimento           | tmp/fc3670        
Thu May 28 22:23:25 2015  | Cliente | 27     | fim_atendimento           | tmp/fc3672        
Thu May 28 22:23:26 2015  | Cliente | 19     | fim_atendimento           | tmp/fc3664        
Thu May 28 22:23:26 2015  | Cliente | 26     | fim_atendimento           | tmp/fc3671        
Thu May 28 22:23:26 2015  | Cliente | 28     | fim_atendimento           | tmp/fc3673        
Thu May 28 22:23:27 2015  | Cliente | 13     | fim_atendimento           | tmp/fc3658        
Thu May 28 22:23:27 2015  | Cliente | 29     | fim_atendimento           | tmp/fc3674        
Thu May 28 22:23:27 2015  | Cliente | 30     | fim_atendimento           | tmp/fc3675        
Thu May 28 22:23:28 2015  | Cliente | 14     | fim_atendimento           | tmp/fc3659        
Thu May 28 22:23:28 2015  | Cliente | 17     | fim_atendimento           | tmp/fc3662        
Thu May 28 22:23:28 2015  | Cliente | 12     | fim_atendimento           | tmp/fc3657        
Thu May 28 22:23:28 2015  | Cliente | 31     | fim_atendimento           | tmp/fc3676        
Thu May 28 22:23:28 2015  | Cliente | 32     | fim_atendimento           | tmp/fc3677        
Thu May 28 22:23:28 2015  | Cliente | 33     | fim_atendimento           | tmp/fc3678        
Thu May 28 22:23:28 2015  | Cliente | 41     | fim_atendimento           | tmp/fc3715        
Thu May 28 22:23:28 2015  | Cliente | 38     | fim_atendimento           | tmp/fc3712        
Thu May 28 22:23:28 2015  | Cliente | 42     | fim_atendimento           | tmp/fc3716        
Thu May 28 22:23:28 2015  | Cliente | 44     | fim_atendimento           | tmp/fc3718        
Thu May 28 22:23:28 2015  | Cliente | 39     | fim_atendimento           | tmp/fc3713        
Thu May 28 22:23:28 2015  | Cliente | 43     | fim_atendimento           | tmp/fc3717        
Thu May 28 22:23:28 2015  | Cliente | 40     | fim_atendimento           | tmp/fc3714        
Thu May 28 22:23:28 2015  | Cliente | 45     | fim_atendimento           | tmp/fc3719        
Thu May 28 22:23:28 2015  | Cliente | 37     | fim_atendimento           | tmp/fc3711        
Thu May 28 22:23:28 2015  | Cliente | 46     | fim_atendimento           | tmp/fc3720        
Thu May 28 22:23:28 2015  | Cliente | 36     | fim_atendimento           | tmp/fc3710        
Thu May 28 22:23:28 2015  | Cliente | 47     | fim_atendimento           | tmp/fc3721        
Thu May 28 22:23:28 2015  | Cliente | 48     | fim_atendimento           | tmp/fc3722        
Thu May 28 22:23:28 2015  | Cliente | 49     | fim_atendimento           | tmp/fc3723        
Thu May 28 22:23:28 2015  | Cliente | 35     | fim_atendimento           | tmp/fc3709        
Thu May 28 22:23:28 2015  | Cliente | 50     | fim_atendimento           | tmp/fc3724        
Thu May 28 22:23:28 2015  | Cliente | 34     | fim_atendimento           | tmp/fc3708        
Thu May 28 22:24:15 2015  | Balcao  | 1      | fecha_balcao              | tmp/fb3633        
Thu May 28 22:24:15 2015  | Balcao  | 2      | fecha_balcao              | tmp/fb3632        
Thu May 28 22:24:15 2015  | Balcao  | 3      | fecha_balcao              | tmp/fb3631        
Thu May 28 22:24:15 2015  | Balcao  | 3      | fecha_loja                | tmp/fb3631        
---------------------------------------------------------------------------------------------  